2019-06-04T15:22:57.9455889-04:00;VSTestExecutionThread;Info;SpecFlow+Runner 1.8.5 execution started
2019-06-04T15:22:57.9495787-04:00;VSTestExecutionThread;Info;TestAdapter Location: C:\FrameWork\CAPUIAutomation\CAPUIAutomation\bin\Debug\TechTalk.SpecRun.VisualStudio.TestAdapter.dll
2019-06-04T15:22:58.1232152-04:00;VSTestExecutionThread;Info;SpecRun Evaluation Mode: Please purchase at http://www.specflow.org/plus to remove test execution delay.
2019-06-04T15:22:58.1232152-04:00;VSTestExecutionThread;Info;SpecRun: running tests in C:\FrameWork\CAPUIAutomation\CAPUIAutomation\bin\Debug\CAPUIAutomation.dll
2019-06-04T15:22:58.1232152-04:00;VSTestExecutionThread;Info;Profile: CAPUIAutomation
2019-06-04T15:23:06.2678675-04:00;Thread#13;Info;starting test run
2019-06-04T15:23:06.2818301-04:00;Thread#13;Info;Discovering target: Chrome
2019-06-04T15:23:06.2828255-04:00;Thread#13;Info;Discovering tests from assembly: C:\FrameWork\CAPUIAutomation\CAPUIAutomation\bin\Debug\CAPUIAutomation.dll
Appdomain Disposed
2019-06-04T15:23:06.6867573-04:00;Thread#13;Info;Discovering target: Firefox
2019-06-04T15:23:06.6867573-04:00;Thread#13;Info;Discovering tests from assembly: C:\FrameWork\CAPUIAutomation\CAPUIAutomation\bin\Debug\CAPUIAutomation.dll
Appdomain Disposed
Test Suite Dump
#0: CAPUIAutomation/CAPUIAutomation - 
#1: Chrome - 
#7: Firefox - 
#2: CAPUIAutomation - 
#8: CAPUIAutomation - 
#3: AdminPortal_38227 - 
#9: AdminPortal_38227 - 
#4: Add role Button PopUp Validation. - Target:Chrome/TestAssembly:CAPUIAutomation/Feature:AdminPortal_38227/Scenario:Add+role+Button+PopUp+Validation.
#5: Add role Button Functional Verification. - Target:Chrome/TestAssembly:CAPUIAutomation/Feature:AdminPortal_38227/Scenario:Add+role+Button+Functional+Verification.
#6: Add role Button Error message Validation. - Target:Chrome/TestAssembly:CAPUIAutomation/Feature:AdminPortal_38227/Scenario:Add+role+Button+Error+message+Validation.
#10: Add role Button PopUp Validation. - Target:Firefox/TestAssembly:CAPUIAutomation/Feature:AdminPortal_38227/Scenario:Add+role+Button+PopUp+Validation.
#11: Add role Button Functional Verification. - Target:Firefox/TestAssembly:CAPUIAutomation/Feature:AdminPortal_38227/Scenario:Add+role+Button+Functional+Verification.
#12: Add role Button Error message Validation. - Target:Firefox/TestAssembly:CAPUIAutomation/Feature:AdminPortal_38227/Scenario:Add+role+Button+Error+message+Validation.
End: Test Suite Dump
Thread#0:Scheduler: get next test for thread 0
Thread#:Scheduler: testitem #4 from normal test queue 
Thread#0:Scheduler: considering testitem #4 for thread 0
Thread#0:TestItem#4:testItemMatchesCurrentTestThread:UnSpecific
Thread#0:TestItem#4:runsOnOneOtherThreadSpecific:False
Thread#0:TestItem#4:runsOnOneOtherThreadUnspecific:True
Thread#0:Scheduler: using testitem #4 for thread 0
Thread#0:Scheduler: Test #4 is scheduled for thread
Thread#0:Scheduler: with testItemExecutionIndex 0
Thread#1:Scheduler: get next test for thread 1
Thread#:Scheduler: testitem #5 from normal test queue 
Thread#1:Scheduler: considering testitem #5 for thread 1
Thread#1:TestItem#5:testItemMatchesCurrentTestThread:UnSpecific
Thread#1:TestItem#5:runsOnOneOtherThreadSpecific:False
Thread#1:TestItem#5:runsOnOneOtherThreadUnspecific:True
Thread#1:Scheduler: using testitem #5 for thread 1
Thread#1:Scheduler: Test #5 is scheduled for thread
Thread#1:Scheduler: with testItemExecutionIndex 0
Thread #1: creating new test thread executor for CAPUIAutomation, Version=1.0.0.0, Culture=neutral, PublicKeyToken=null (target: Chrome)
Thread #0: creating new test thread executor for CAPUIAutomation, Version=1.0.0.0, Culture=neutral, PublicKeyToken=null (target: Chrome)
error in config transfrom (configFile: C:\FrameWork\CAPUIAutomation\CAPUIAutomation\bin\Debug\CAPUIAutomation.dll.config)
<?xml version="1.0" encoding="utf-8"?>
							<configuration xmlns:xdt="http://schemas.microsoft.com/XML-Document-Transform">
                              <appSettings>
                                <add key="browser" value="Chrome" 
                                 xdt:Locator="Match(key)" xdt:Transform="SetAttributes(value)" />
                              </appSettings>
							</configuration> 
The process cannot access the file 'C:\FrameWork\CAPUIAutomation\CAPUIAutomation\bin\Debug\CAPUIAutomation.dll.config.bak' because it is being used by another process.
test thread #1 error: TechTalk.SpecRun.Framework.SpecRunException: error in config transfrom (configFile: C:\FrameWork\CAPUIAutomation\CAPUIAutomation\bin\Debug\CAPUIAutomation.dll.config)
<?xml version="1.0" encoding="utf-8"?>
							<configuration xmlns:xdt="http://schemas.microsoft.com/XML-Document-Transform">
                              <appSettings>
                                <add key="browser" value="Chrome" 
                                 xdt:Locator="Match(key)" xdt:Transform="SetAttributes(value)" />
                              </appSettings>
							</configuration> 
The process cannot access the file 'C:\FrameWork\CAPUIAutomation\CAPUIAutomation\bin\Debug\CAPUIAutomation.dll.config.bak' because it is being used by another process. ---> System.IO.IOException: The process cannot access the file 'C:\FrameWork\CAPUIAutomation\CAPUIAutomation\bin\Debug\CAPUIAutomation.dll.config.bak' because it is being used by another process.
   at System.IO.__Error.WinIOError(Int32 errorCode, String maybeFullPath)
   at System.IO.File.InternalCopy(String sourceFileName, String destFileName, Boolean overwrite, Boolean checkHost)
   at System.IO.File.Copy(String sourceFileName, String destFileName, Boolean overwrite)
   at TechTalk.SpecRun.Framework.DeploymentSteps.ConfigFileTransformationStep.Backup(String configFilePath, DeploymentContext deploymentContext)
   at TechTalk.SpecRun.Framework.DeploymentSteps.ConfigFileTransformationStep.Apply(DeploymentContext deploymentContext)
   --- End of inner exception stack trace ---
   at TechTalk.SpecRun.Framework.DeploymentSteps.ConfigFileTransformationStep.Apply(DeploymentContext deploymentContext)
   at TechTalk.SpecRun.Framework.DeploymentSteps.DeploymentContext.Apply(DeploymentTransformationSteps steps, ITestRunTracerBroker tracerBroker)
   at TechTalk.SpecRun.Framework.TestThread.InitializeTestThreadExecutor(IAssemblyReference testAssembly, ExecutionModelSettings executionModelSettings, String testTarget)
   at TechTalk.SpecRun.Framework.TestThread.GetThreadExecutorFor(TestItem testItem)
   at TechTalk.SpecRun.Framework.TestThread.Run(ITestExecutionManager executionManagerForRun)
   at TechTalk.SpecRun.Framework.AsyncTestThreadRunner.RunSync(TestExecutionManager executionManager)
Thread#0: Test #4/0 is started on thread #0
Thread#0:T:-> Using app.config
Thread#0:B:Given Navigate to the CAP UI Home page.
Thread#0:T:done: HomePage_StepDefinitions.GivenNavigateToTheCAPUIHomePage_() (2.8s)
Thread#0:B:And Click on manage Tab in the Home Page
Thread#0:T:done: HomePage_StepDefinitions.GivenClickOnManageTab() (0.3s)
Thread#0:B:And Navigate to list roles page by clicking on list Roles Tab.
Thread#0:T:done: ManageListRoles_StepDefinitions.GivenNavigateToListRolesPageByClickingOnListRolesTab_() (0.7s)
Thread#0:B:When User Clicks on the Add Button in the list Roles page.
Thread#0:T:done: ManageListRoles_StepDefinitions.WhenUserClicksOnTheAddButtonInTheListRolesPage_() (1.0s)
Thread#0:B:Then pop up window to add roles Should be displayed.
Thread#0:T:done: ManageListRoles_StepDefinitions.ThenPopUpWindowToAddRolesShouldBeDisplayed_() (0.1s)
Thread#0:Scheduler: get next test for thread 0
Thread#:Scheduler: testitem #6 from normal test queue 
Thread#0:Scheduler: considering testitem #6 for thread 0
Thread#0:TestItem#6:testItemMatchesCurrentTestThread:UnSpecific
Thread#0:TestItem#6:runsOnOneOtherThreadSpecific:False
Thread#0:TestItem#6:runsOnOneOtherThreadUnspecific:True
Thread#0:Scheduler: using testitem #6 for thread 0
Thread#0:Scheduler: Test #6 is scheduled for thread
Thread#0:Scheduler: with testItemExecutionIndex 0
Thread#0: Test #4/0 is finished on thread #0 as Succeeded within 23.2677689 seconds
Thread#0: Test #6/0 is started on thread #0
Thread#0:B:Given Navigate to the CAP UI Home page.
Thread#0:T:done: HomePage_StepDefinitions.GivenNavigateToTheCAPUIHomePage_() (3.6s)
Thread#0:B:And Click on manage Tab in the Home Page
Thread#0:T:done: HomePage_StepDefinitions.GivenClickOnManageTab() (0.6s)
Thread#0:B:And Navigate to list roles page by clicking on list Roles Tab.
Thread#0:T:done: ManageListRoles_StepDefinitions.GivenNavigateToListRolesPageByClickingOnListRolesTab_() (0.7s)
Thread#0:B:And User Clicks on the Add Button in the list Roles page.
Thread#0:T:done: ManageListRoles_StepDefinitions.GivenUserClicksOnTheAddButtonInTheListRolesPage_() (1.2s)
Thread#0:B:When User enter existing role name  in enter role name field
Thread#0:T:done: ManageListRoles_StepDefinitions.WhenEnterTheRoleNameAsAnyRandomStringInenterrolenameField() (0.3s)
Thread#0:B:Then Error Message should be thrown as "Duplicate Role Name Found" in the Add role Pop up.
Thread#0:T:done: ManageListRoles_StepDefinitions.ThenErrorMessageShouldBeThrownAsInTheAddRolePopUp_(""Duplicate Role N...") (0.2s)
Thread#0:Scheduler: get next test for thread 0
Thread#:Scheduler: testitem #10 from normal test queue 
Thread#0:Scheduler: considering testitem #10 for thread 0
Thread#0:TestItem#10:testItemMatchesCurrentTestThread:UnSpecific
Thread#0:TestItem#10:runsOnOneOtherThreadSpecific:False
Thread#0:TestItem#10:runsOnOneOtherThreadUnspecific:True
Thread#0:Scheduler: using testitem #10 for thread 0
Thread#0:Scheduler: Test #10 is scheduled for thread
Thread#0:Scheduler: with testItemExecutionIndex 0
Thread#0: Test #6/0 is finished on thread #0 as Succeeded within 24.3511865 seconds
Thread #0: creating new test thread executor for CAPUIAutomation, Version=1.0.0.0, Culture=neutral, PublicKeyToken=null (target: Firefox)
Thread#0: Test #10/0 is started on thread #0
Thread#0:T:-> Using app.config
Thread#0:B:Given Navigate to the CAP UI Home page.
Thread#0:T:done: HomePage_StepDefinitions.GivenNavigateToTheCAPUIHomePage_() (3.1s)
Thread#0:B:And Click on manage Tab in the Home Page
Thread#0:T:done: HomePage_StepDefinitions.GivenClickOnManageTab() (1.2s)
Thread#0:B:And Navigate to list roles page by clicking on list Roles Tab.
Thread#0:T:done: ManageListRoles_StepDefinitions.GivenNavigateToListRolesPageByClickingOnListRolesTab_() (0.8s)
Thread#0:B:When User Clicks on the Add Button in the list Roles page.
Thread#0:T:done: ManageListRoles_StepDefinitions.WhenUserClicksOnTheAddButtonInTheListRolesPage_() (0.4s)
Thread#0:B:Then pop up window to add roles Should be displayed.
Thread#0:T:done: ManageListRoles_StepDefinitions.ThenPopUpWindowToAddRolesShouldBeDisplayed_() (0.1s)
Thread#0:Scheduler: get next test for thread 0
Thread#:Scheduler: testitem #11 from normal test queue 
Thread#0:Scheduler: considering testitem #11 for thread 0
Thread#0:TestItem#11:testItemMatchesCurrentTestThread:UnSpecific
Thread#0:TestItem#11:runsOnOneOtherThreadSpecific:False
Thread#0:TestItem#11:runsOnOneOtherThreadUnspecific:True
Thread#0:Scheduler: using testitem #11 for thread 0
Thread#0:Scheduler: Test #11 is scheduled for thread
Thread#0:Scheduler: with testItemExecutionIndex 0
Thread#0: Test #10/0 is finished on thread #0 as Succeeded within 27.9615919 seconds
Thread#0: Test #11/0 is started on thread #0
Thread#0:B:Given Navigate to the CAP UI Home page.
Thread#0:T:done: HomePage_StepDefinitions.GivenNavigateToTheCAPUIHomePage_() (2.6s)
Thread#0:B:And Click on manage Tab in the Home Page
Thread#0:T:done: HomePage_StepDefinitions.GivenClickOnManageTab() (1.1s)
Thread#0:B:And Navigate to list roles page by clicking on list Roles Tab.
Thread#0:T:done: ManageListRoles_StepDefinitions.GivenNavigateToListRolesPageByClickingOnListRolesTab_() (0.9s)
Thread#0:B:And User Clicks on the Add Button in the list Roles page.
Thread#0:T:done: ManageListRoles_StepDefinitions.GivenUserClicksOnTheAddButtonInTheListRolesPage_() (1.4s)
Thread#0:B:And Enter the role name as any Random String in enter role name field
Thread#0:T:done: ManageListRoles_StepDefinitions.GivenEnterTheRoleNameAsAnyRandomStringInenterrolenameField() (0.1s)
Thread#0:B:When Click Apply button in the Add role Pop up.
Thread#0:T:done: ManageListRoles_StepDefinitions.WhenClickApplyButtonInTheAddRolePopUp_() (0.3s)
Thread#0:B:Then New Role Should be added in the Role Grid in the left pane.
Thread#0:T:error: Timed out after 60 seconds
Thread#0:Scheduler: get next test for thread 0
Thread#:Scheduler: testitem #12 from normal test queue 
Thread#0:Scheduler: considering testitem #12 for thread 0
Thread#0:TestItem#12:testItemMatchesCurrentTestThread:UnSpecific
Thread#0:TestItem#12:runsOnOneOtherThreadSpecific:False
Thread#0:TestItem#12:runsOnOneOtherThreadUnspecific:True
Thread#0:Scheduler: using testitem #12 for thread 0
Thread#0:Scheduler: Test #12 is scheduled for thread
Thread#0:Scheduler: with testItemExecutionIndex 0
Thread#0: Test #11/0 is finished on thread #0 as Failed within 91.4477065 seconds
Thread#0: Test #12/0 is started on thread #0
Thread#0:B:Given Navigate to the CAP UI Home page.
Thread#0:T:done: HomePage_StepDefinitions.GivenNavigateToTheCAPUIHomePage_() (4.1s)
Thread#0:B:And Click on manage Tab in the Home Page
Thread#0:T:done: HomePage_StepDefinitions.GivenClickOnManageTab() (1.3s)
Thread#0:B:And Navigate to list roles page by clicking on list Roles Tab.
Thread#0:T:done: ManageListRoles_StepDefinitions.GivenNavigateToListRolesPageByClickingOnListRolesTab_() (1.4s)
Thread#0:B:And User Clicks on the Add Button in the list Roles page.
Thread#0:T:done: ManageListRoles_StepDefinitions.GivenUserClicksOnTheAddButtonInTheListRolesPage_() (1.4s)
Thread#0:B:When User enter existing role name  in enter role name field
Thread#0:T:done: ManageListRoles_StepDefinitions.WhenEnterTheRoleNameAsAnyRandomStringInenterrolenameField() (0.1s)
Thread#0:B:Then Error Message should be thrown as "Duplicate Role Name Found" in the Add role Pop up.
Thread#0:T:done: ManageListRoles_StepDefinitions.ThenErrorMessageShouldBeThrownAsInTheAddRolePopUp_(""Duplicate Role N...") (1.0s)
Thread#0:Scheduler: get next test for thread 0
Thread#:Scheduler: at the end of normal test queue
Thread#0:Scheduler: enumerator for thread is at end
Thread#0:Scheduler: No more tests for thread
Thread#0: Test #12/0 is finished on thread #0 as Succeeded within 32.7481184 seconds
Appdomain Disposed
Appdomain Disposed
test thread error: TechTalk.SpecRun.Framework.SpecRunException: At least one test thread aborted. ---> TechTalk.SpecRun.Framework.SpecRunException: error in config transfrom (configFile: C:\FrameWork\CAPUIAutomation\CAPUIAutomation\bin\Debug\CAPUIAutomation.dll.config)
<?xml version="1.0" encoding="utf-8"?>
							<configuration xmlns:xdt="http://schemas.microsoft.com/XML-Document-Transform">
                              <appSettings>
                                <add key="browser" value="Chrome" 
                                 xdt:Locator="Match(key)" xdt:Transform="SetAttributes(value)" />
                              </appSettings>
							</configuration> 
The process cannot access the file 'C:\FrameWork\CAPUIAutomation\CAPUIAutomation\bin\Debug\CAPUIAutomation.dll.config.bak' because it is being used by another process. ---> System.IO.IOException: The process cannot access the file 'C:\FrameWork\CAPUIAutomation\CAPUIAutomation\bin\Debug\CAPUIAutomation.dll.config.bak' because it is being used by another process.
   at System.IO.__Error.WinIOError(Int32 errorCode, String maybeFullPath)
   at System.IO.File.InternalCopy(String sourceFileName, String destFileName, Boolean overwrite, Boolean checkHost)
   at System.IO.File.Copy(String sourceFileName, String destFileName, Boolean overwrite)
   at TechTalk.SpecRun.Framework.DeploymentSteps.ConfigFileTransformationStep.Backup(String configFilePath, DeploymentContext deploymentContext)
   at TechTalk.SpecRun.Framework.DeploymentSteps.ConfigFileTransformationStep.Apply(DeploymentContext deploymentContext)
   --- End of inner exception stack trace ---
   at TechTalk.SpecRun.Framework.DeploymentSteps.ConfigFileTransformationStep.Apply(DeploymentContext deploymentContext)
   at TechTalk.SpecRun.Framework.DeploymentSteps.DeploymentContext.Apply(DeploymentTransformationSteps steps, ITestRunTracerBroker tracerBroker)
   at TechTalk.SpecRun.Framework.TestThread.InitializeTestThreadExecutor(IAssemblyReference testAssembly, ExecutionModelSettings executionModelSettings, String testTarget)
   at TechTalk.SpecRun.Framework.TestThread.GetThreadExecutorFor(TestItem testItem)
   at TechTalk.SpecRun.Framework.TestThread.Run(ITestExecutionManager executionManagerForRun)
   at TechTalk.SpecRun.Framework.AsyncTestThreadRunner.RunSync(TestExecutionManager executionManager)
   --- End of inner exception stack trace ---
Thread#-1: Test #5/0 is started on thread #-1
Thread#-1: Test #5/0 is finished on thread #-1 as Skipped within 0 seconds
Thread#-1:Scheduler: get next test for thread -1
Thread#:Scheduler: at the end of normal test queue
Thread#-1:Scheduler: enumerator for thread is at end
2019-06-04T15:26:26.8761938-04:00;Thread#13;Info;test run finished
2019-06-04T15:26:26.8889464-04:00;Thread#13;Info;publishing test results
2019-06-04T15:26:26.9143928-04:00;Thread#13;Info;test results published
2019-06-04T15:26:26.9143928-04:00;Thread#13;Info;generating reports
2019-06-04T15:26:26.9223979-04:00;Thread#13;Info;creating 1 report(s)
2019-06-04T15:26:26.9223979-04:00;Thread#13;Info;generate Report ReportTemplate.cshtml
2019-06-04T15:26:28.2002746-04:00;Thread#13;Info;reports generated
Total: 6
Succeeded: 4
Ignored: 0
Pending: 0
Skipped: 1
Failed: 1
2019-06-04T15:26:28.2042528-04:00;VSTestExecutionThread;Info;Adding attachments to VSTest
2019-06-04T15:26:28.2042528-04:00;VSTestExecutionThread;Info;adding Test Execution Report 'C:\FrameWork\CAPUIAutomation\TestResults\CAPUIAutomation_CAPUIAutomation_2019-06-04T152258.html'
2019-06-04T15:26:28.2341502-04:00;VSTestExecutionThread;Info;Log file: file:///C:\FrameWork\CAPUIAutomation\TestResults\CAPUIAutomation_CAPUIAutomation_2019-06-04T152258.log
